<?xml version="1.0" encoding="UTF-8"?>
<!-- Generated by org.testng.reporters.JUnitXMLReporter -->
<testsuite hostname="DESKTOP-9D0UF9G" ignored="1" name="expenses" tests="2" failures="1" timestamp="2020-07-26T22:52:12 IST" time="7.279" errors="0">
  <testcase name="login" time="0.0" classname="com.finance.FinancialManager">
    <failure type="org.testng.TestNGException" message="
Parameter &amp;apos;Username&amp;apos; is required by @Test on method login but has not been marked @Optional or defined
in C:\Users\91960\eclipse-workspace\com.FinancialMaganer\dataProvider.xml">
      <![CDATA[org.testng.TestNGException: 
Parameter 'Username' is required by @Test on method login but has not been marked @Optional or defined
in C:\Users\91960\eclipse-workspace\com.FinancialMaganer\dataProvider.xml
at java.util.ArrayList.forEach(ArrayList.java:1257)
... Removed 26 stack frames]]>
    </failure>
  </testcase> <!-- login -->
  <testcase name="expenses" time="0.0" classname="com.finance.FinancialManager">
    <skipped/>
  </testcase> <!-- expenses -->
  <testcase name="register" time="0.0" classname="com.finance.FinancialManager">
    <ignored/>
  </testcase> <!-- register -->
</testsuite> <!-- expenses -->
