<?xml version="1.0" encoding="UTF-8"?>
<!-- Generated by org.testng.reporters.JUnitXMLReporter -->
<testsuite hostname="DESKTOP-9D0UF9G" ignored="2" name="inserting data" tests="3" failures="0" timestamp="2020-08-06T14:40:08 IST" time="258.213" errors="0">
  <testcase name="expenses" time="51.619" classname="com.finance.FinancialManager"/>
  <testcase name="income" time="52.577" classname="com.finance.FinancialManager"/>
  <testcase name="show_date" time="57.922" classname="com.finance.FinancialManager"/>
  <testcase name="register" time="0.0" classname="com.finance.FinancialManager">
    <ignored/>
  </testcase> <!-- register -->
  <testcase name="navigation" time="0.0" classname="com.finance.FinancialManager">
    <ignored/>
  </testcase> <!-- navigation -->
</testsuite> <!-- inserting data -->
