<?xml version="1.0" encoding="UTF-8"?>
<!-- Generated by org.testng.reporters.JUnitXMLReporter -->
<testsuite hostname="DESKTOP-9D0UF9G" ignored="0" name="Login" tests="3" failures="1" timestamp="2020-07-31T10:09:57 IST" time="70.868" errors="0">
  <testcase name="register" time="0.0" classname="com.finance.FinancialManager">
    <failure type="org.testng.TestNGException" message="
Parameter &amp;apos;userName&amp;apos; is required by @Test on method register but has not been marked @Optional or defined
in C:\Users\91960\eclipse-workspace\com.FinancialMaganer\dataProvider.xml">
      <![CDATA[org.testng.TestNGException: 
Parameter 'userName' is required by @Test on method register but has not been marked @Optional or defined
in C:\Users\91960\eclipse-workspace\com.FinancialMaganer\dataProvider.xml
at java.util.ArrayList.forEach(ArrayList.java:1257)
... Removed 26 stack frames]]>
    </failure>
  </testcase> <!-- register -->
  <testcase name="login" time="14.034" classname="com.finance.FinancialManager"/>
  <testcase name="expenses" time="49.447" classname="com.finance.FinancialManager"/>
</testsuite> <!-- Login -->
