<?xml version="1.0" encoding="UTF-8"?>
<!-- Generated by org.testng.reporters.JUnitXMLReporter -->
<testsuite hostname="DESKTOP-9D0UF9G" ignored="0" name="Register" tests="3" failures="1" timestamp="2020-07-31T10:08:46 IST" time="41.588" errors="0">
  <testcase name="register" time="34.294" classname="com.finance.FinancialManager"/>
  <testcase name="login" time="0.0" classname="com.finance.FinancialManager">
    <failure type="org.testng.TestNGException" message="
Parameter &amp;apos;Username&amp;apos; is required by @Test on method login but has not been marked @Optional or defined
in C:\Users\91960\eclipse-workspace\com.FinancialMaganer\dataProvider.xml">
      <![CDATA[org.testng.TestNGException: 
Parameter 'Username' is required by @Test on method login but has not been marked @Optional or defined
in C:\Users\91960\eclipse-workspace\com.FinancialMaganer\dataProvider.xml
at java.util.ArrayList.forEach(ArrayList.java:1257)
... Removed 26 stack frames]]>
    </failure>
  </testcase> <!-- login -->
  <testcase name="expenses" time="0.0" classname="com.finance.FinancialManager">
    <skipped/>
  </testcase> <!-- expenses -->
</testsuite> <!-- Register -->
