<?xml version="1.0" encoding="UTF-8"?>
<testng-results skipped="0" failed="0" ignored="2" total="5" passed="3">
  <reporter-output>
  </reporter-output>
  <suite name="Financial app" duration-ms="258213" started-at="2020-08-06T14:35:50 IST" finished-at="2020-08-06T14:40:08 IST">
    <groups>
    </groups>
    <test name="inserting data" duration-ms="258213" started-at="2020-08-06T14:35:50 IST" finished-at="2020-08-06T14:40:08 IST">
      <class name="com.finance.FinancialManager">
        <test-method status="PASS" signature="login(java.lang.String, java.lang.String)[pri:0, instance:com.finance.FinancialManager@59e5ddf]" name="login" is-config="true" duration-ms="22545" started-at="2020-08-06T14:35:50 IST" finished-at="2020-08-06T14:36:12 IST">
          <params>
            <param index="0">
              <value>
                <![CDATA[Dominic]]>
              </value>
            </param>
            <param index="1">
              <value>
                <![CDATA[Xavier]]>
              </value>
            </param>
          </params>
          <reporter-output>
          </reporter-output>
        </test-method> <!-- login -->
        <test-method status="PASS" signature="expenses(java.lang.String, java.lang.String, java.lang.String, java.lang.String)[pri:2, instance:com.finance.FinancialManager@59e5ddf]" name="expenses" duration-ms="51619" started-at="2020-08-06T14:36:12 IST" finished-at="2020-08-06T14:37:04 IST">
          <params>
            <param index="0">
              <value>
                <![CDATA[expense]]>
              </value>
            </param>
            <param index="1">
              <value>
                <![CDATA[3]]>
              </value>
            </param>
            <param index="2">
              <value>
                <![CDATA[Dress;;Food;;Petrol]]>
              </value>
            </param>
            <param index="3">
              <value>
                <![CDATA[1200;;600;;500]]>
              </value>
            </param>
          </params>
          <reporter-output>
          </reporter-output>
        </test-method> <!-- expenses -->
        <test-method status="PASS" signature="logout()[pri:0, instance:com.finance.FinancialManager@59e5ddf]" name="logout" is-config="true" duration-ms="10345" started-at="2020-08-06T14:37:04 IST" finished-at="2020-08-06T14:37:14 IST">
          <reporter-output>
          </reporter-output>
        </test-method> <!-- logout -->
        <test-method status="PASS" signature="login(java.lang.String, java.lang.String)[pri:0, instance:com.finance.FinancialManager@59e5ddf]" name="login" is-config="true" duration-ms="21359" started-at="2020-08-06T14:37:14 IST" finished-at="2020-08-06T14:37:35 IST">
          <params>
            <param index="0">
              <value>
                <![CDATA[Dominic]]>
              </value>
            </param>
            <param index="1">
              <value>
                <![CDATA[Xavier]]>
              </value>
            </param>
          </params>
          <reporter-output>
          </reporter-output>
        </test-method> <!-- login -->
        <test-method status="PASS" signature="income(java.lang.String, java.lang.String, java.lang.String, java.lang.String)[pri:3, instance:com.finance.FinancialManager@59e5ddf]" name="income" duration-ms="52577" started-at="2020-08-06T14:37:35 IST" finished-at="2020-08-06T14:38:28 IST">
          <params>
            <param index="0">
              <value>
                <![CDATA[income]]>
              </value>
            </param>
            <param index="1">
              <value>
                <![CDATA[3]]>
              </value>
            </param>
            <param index="2">
              <value>
                <![CDATA[Salary;;Pension;;Labour]]>
              </value>
            </param>
            <param index="3">
              <value>
                <![CDATA[1200;;600;;500]]>
              </value>
            </param>
          </params>
          <reporter-output>
          </reporter-output>
        </test-method> <!-- income -->
        <test-method status="PASS" signature="logout()[pri:0, instance:com.finance.FinancialManager@59e5ddf]" name="logout" is-config="true" duration-ms="10378" started-at="2020-08-06T14:38:28 IST" finished-at="2020-08-06T14:38:38 IST">
          <reporter-output>
          </reporter-output>
        </test-method> <!-- logout -->
        <test-method status="PASS" signature="login(java.lang.String, java.lang.String)[pri:0, instance:com.finance.FinancialManager@59e5ddf]" name="login" is-config="true" duration-ms="21160" started-at="2020-08-06T14:38:38 IST" finished-at="2020-08-06T14:39:00 IST">
          <params>
            <param index="0">
              <value>
                <![CDATA[Dominic]]>
              </value>
            </param>
            <param index="1">
              <value>
                <![CDATA[Xavier]]>
              </value>
            </param>
          </params>
          <reporter-output>
          </reporter-output>
        </test-method> <!-- login -->
        <test-method status="PASS" signature="show_date(java.lang.String, java.lang.String)[pri:4, instance:com.finance.FinancialManager@59e5ddf]" name="show_date" duration-ms="57922" started-at="2020-08-06T14:39:00 IST" finished-at="2020-08-06T14:39:58 IST">
          <params>
            <param index="0">
              <value>
                <![CDATA[01-01-2020;;30-08-2020]]>
              </value>
            </param>
            <param index="1">
              <value>
                <![CDATA[Expense;;Income;;both]]>
              </value>
            </param>
          </params>
          <reporter-output>
          </reporter-output>
        </test-method> <!-- show_date -->
        <test-method status="PASS" signature="logout()[pri:0, instance:com.finance.FinancialManager@59e5ddf]" name="logout" is-config="true" duration-ms="10262" started-at="2020-08-06T14:39:58 IST" finished-at="2020-08-06T14:40:08 IST">
          <reporter-output>
          </reporter-output>
        </test-method> <!-- logout -->
        <test-method status="PASS" signature="app_complete()[pri:0, instance:com.finance.FinancialManager@59e5ddf]" name="app_complete" is-config="true" duration-ms="0" started-at="2020-08-06T14:40:08 IST" finished-at="2020-08-06T14:40:08 IST">
          <reporter-output>
          </reporter-output>
        </test-method> <!-- app_complete -->
      </class> <!-- com.finance.FinancialManager -->
    </test> <!-- inserting data -->
  </suite> <!-- Financial app -->
</testng-results>
